==95338== Memcheck, a memory error detector
==95338== Copyright (C) 2002-2017, and GNU GPL'd, by Julian Seward et al.
==95338== Using Valgrind-3.15.0 and LibVEX; rerun with -h for copyright info
==95338== Command: ./push_swap -439\ -262\ -758\ 460\ -252\ -937\ -21\ 70\ -98\ 99\ -955\ 668\ -986\ 295\ -694\ -603\ -741\ -467\ -58\ -84\ -628\ 465\ -374\ 982\ -222\ 542\ 893\ -130\ 487\ 556\ 843\ 995\ -73\ 698\ 941\ 804\ 429\ -536\ 18\ 644\ 595\ 728\ 140\ -476\ 20\ -82\ 427\ 343\ -590\ 840\ 909\ -313\ -227\ 771\ -94\ 677\ 290\ 630\ -599\ -956\ -52\ 114\ 623\ -842\ -958\ -376\ -641\ 949\ -129\ -530\ 971\ 124\ 924\ -555\ 230\ 673\ -609\ 415\ 606\ -18\ -946\ -540\ -524\ 836\ 481\ 951\ -615\ -237\ -744\ -786\ 149\ 654\ -616\ -236\ -389\ 887\ -916\ -600\ 783\ 50\ 912\ -863\ 614\ -409\ -124\ 249\ -875\ -484\ -230\ 229\ -301\ 947\ 935\ -112\ 239\ -985\ 363\ -505\ -811\ 44\ 184\ 448\ 201\ 345\ -783\ 4\ -421\ 757\ -99\ -312\ 594\ -771\ -678\ -680\ -918\ -966\ 489\ -961\ 507\ 527\ 137\ -186\ -591\ 366\ -440\ -201\ -573\ 521\ 551\ 39\ -208\ 544\ 758\ -583\ -87\ 525\ 636\ -908\ -754\ -948\ -156\ -668\ 437\ 357\ -624\ -643\ 560\ -648\ 224\ -50\ 60\ -286\ 852\ -209\ 47\ 195\ -790\ -840\ -174\ -114\ -860\ -15\ -382\ 24\ -279\ -906\ -796\ -253\ 879\ 549\ 494\ -8\ 152\ -874\ 577\ -109\ 960\ -276\ -425\ -512\ -25\ -266\ 817\ 96\ 449\ 378\ -359\ 210\ 276\ -404\ 88\ -177\ 872\ 888\ -999\ -740\ -396\ 64\ -613\ 648\ 583\ -441\ 258\ -666\ 703\ 312\ 28\ 877\ -576\ -257\ -378\ -701\ -429\ -290\ 434\ -686\ 386\ -867\ 56\ -934\ 890\ 741\ 7\ -302\ -550\ 382\ -547\ 207\ -41\ 420\ -367\ -657\ -671\ -650\ 341\ 450\ 880\ 235\ -542\ 972\ -983\ -912\ 158\ 884\ -996\ 528\ 602\ -896\ 1\ 541\ 62\ -553\ 626\ 404\ 452\ -514\ 54\ 483\ 222\ 523\ -89\ 963\ -734\ 500\ -303\ 683\ -75\ 104\ -808\ -953\ -196\ 495\ 574\ 223\ 517\ -134\ -388\ -968\ 92\ 296\ 779\ -3\ -862\ 552\ -527\ 57\ 35\ -602\ 717\ -830\ -239\ -720\ 675\ 342\ -231\ 272\ -308\ 869\ -295\ -554\ -120\ -437\ 829\ -778\ 380\ -969\ 219\ 84\ -311\ -300\ -834\ 107\ -118\ 835\ -480\ -161\ 202\ 237\ 331\ 424\ -194\ 156\ 978\ 518\ 403\ -892\ 803\ 155\ -452\ 921\ -938\ -351\ -243\ -86\ 546\ 931\ -414\ 128\ -408\ -287\ -556\ 66\ 26\ -844\ -318\ -951\ -39\ 885\ -688\ -132\ 58\ 936\ 398\ -345\ -855\ -102\ 506\ -432\ -804\ -154\ -293\ -568\ -93\ -779\ -817\ 76\ -96\ 827\ -68\ 684\ 159\ 75\ -827\ 68\ 61\ 154\ -868\ 983\ -343\ 550\ -544\ -353\ 259\ 705\ 660\ -475\ 433\ 661\ 320\ 937\ 585\ 0\ -189\ 768\ -364\ -552\ -781\ -334\ 908\ -907\ 980\ 19\ -644\ 165\ -275\ -710\ -20\ -495\ 359\ -355\ 112\ 954\ 22\ 715\ 615\ 733\ 787\ -826\ -307\ 288\ 317\ -523\ -920\ 902\ -79\ 870\ 778\ -886\ -417\ 499\ 743\ -980\ 730\ -241\ 729\ -697\ -922\ -500\ 736\ 260\ -789\ 621\ -901\ 605\ 807\ -233\ -610\ -923\ 127\ 464\ -494\ 637\ -176\ 389\ 185\ 8\ -173\ -890\ 940\ 122\ -400\ 700\ -931\ 934\ -67\ -1000\ 706\ 989\ 361\ -531\ 446\ 323\ -320\ -498\ 485\ -110\ 129\ -469\ -430\ 293
==95338== Parent PID: 84830
==95338== 
==95338== Invalid read of size 8
==95338==    at 0x401EAE: get_list_split (init.c:88)
==95338==    by 0x401B27: get_list (init.c:43)
==95338==    by 0x401A15: init_list (init.c:22)
==95338==    by 0x4021E7: main (push_swap.c:48)
==95338==  Address 0x4a58070 is 4,000 bytes inside a block of size 4,008 free'd
==95338==    at 0x483CA3F: free (in /usr/lib/x86_64-linux-gnu/valgrind/vgpreload_memcheck-amd64-linux.so)
==95338==    by 0x40324E: free_tab (ft_split.c:25)
==95338==    by 0x401E90: get_list_split (init.c:87)
==95338==    by 0x401B27: get_list (init.c:43)
==95338==    by 0x401A15: init_list (init.c:22)
==95338==    by 0x4021E7: main (push_swap.c:48)
==95338==  Block was alloc'd at
==95338==    at 0x483B7F3: malloc (in /usr/lib/x86_64-linux-gnu/valgrind/vgpreload_memcheck-amd64-linux.so)
==95338==    by 0x40339F: alloc_tab (ft_split.c:47)
==95338==    by 0x4035CB: ft_split (ft_split.c:92)
==95338==    by 0x401B17: get_list (init.c:43)
==95338==    by 0x401A15: init_list (init.c:22)
==95338==    by 0x4021E7: main (push_swap.c:48)
==95338== 
==95338== Invalid read of size 8
==95338==    at 0x401EAE: get_list_split (init.c:88)
==95338==    by 0x401B27: get_list (init.c:43)
==95338==    by 0x401A15: init_list (init.c:22)
==95338==    by 0x402269: main (push_swap.c:56)
==95338==  Address 0x4a63d70 is 4,000 bytes inside a block of size 4,008 free'd
==95338==    at 0x483CA3F: free (in /usr/lib/x86_64-linux-gnu/valgrind/vgpreload_memcheck-amd64-linux.so)
==95338==    by 0x40324E: free_tab (ft_split.c:25)
==95338==    by 0x401E90: get_list_split (init.c:87)
==95338==    by 0x401B27: get_list (init.c:43)
==95338==    by 0x401A15: init_list (init.c:22)
==95338==    by 0x402269: main (push_swap.c:56)
==95338==  Block was alloc'd at
==95338==    at 0x483B7F3: malloc (in /usr/lib/x86_64-linux-gnu/valgrind/vgpreload_memcheck-amd64-linux.so)
==95338==    by 0x40339F: alloc_tab (ft_split.c:47)
==95338==    by 0x4035CB: ft_split (ft_split.c:92)
==95338==    by 0x401B17: get_list (init.c:43)
==95338==    by 0x401A15: init_list (init.c:22)
==95338==    by 0x402269: main (push_swap.c:56)
==95338== 
==95338== 
==95338== HEAP SUMMARY:
==95338==     in use at exit: 0 bytes in 0 blocks
==95338==   total heap usage: 1,008 allocs, 1,008 frees, 20,546 bytes allocated
==95338== 
==95338== All heap blocks were freed -- no leaks are possible
==95338== 
==95338== For lists of detected and suppressed errors, rerun with: -s
==95338== ERROR SUMMARY: 2 errors from 2 contexts (suppressed: 0 from 0)
